<?xml version="1.0" encoding="UTF-8"?>
<!-- Generated by org.testng.reporters.JUnitReportReporter -->
<testsuite hostname="DESKTOP-B0M0N56" failures="0" tests="2" name="website.LinkTest" time="3.660" errors="0" timestamp="2021-06-26T13:55:22 EDT" skipped="0">
  <testcase classname="website.LinkTest" name="otherLinks" time="1.078"/>
  <system-out/>
  <testcase classname="website.LinkTest" name="gitHubTest" time="2.582"/>
  <system-out/>
</testsuite> <!-- website.LinkTest -->
