<?xml version="1.0" encoding="UTF-8"?>
<!-- Generated by org.testng.reporters.JUnitReportReporter -->
<testsuite hostname="DESKTOP-B0M0N56" failures="0" tests="2" name="website.QuizTest" time="0.506" errors="0" timestamp="2021-06-25T14:58:34 EDT" skipped="0">
  <testcase classname="website.QuizTest" name="form" time="0.171"/>
  <system-out/>
  <testcase classname="website.QuizTest" name="buttonTest" time="0.335"/>
  <system-out/>
</testsuite> <!-- website.QuizTest -->
