<?xml version="1.0" encoding="UTF-8"?>
<!-- Generated by org.testng.reporters.JUnitReportReporter -->
<testsuite hostname="DESKTOP-B0M0N56" failures="0" tests="2" name="website.QuizTest" time="0.574" errors="0" timestamp="2021-06-26T13:03:09 EDT" skipped="0">
  <testcase classname="website.QuizTest" name="form" time="0.185"/>
  <system-out/>
  <testcase classname="website.QuizTest" name="buttonTest" time="0.389"/>
  <system-out/>
</testsuite> <!-- website.QuizTest -->
