<?xml version="1.0" encoding="UTF-8"?>
<!-- Generated by org.testng.reporters.JUnitReportReporter -->
<testsuite hostname="DESKTOP-B0M0N56" failures="0" tests="2" name="website.LinkTest" time="4.985" errors="0" timestamp="2021-07-21T20:18:01 EDT" skipped="0">
  <testcase classname="website.LinkTest" name="otherLinks" time="1.609"/>
  <system-out/>
  <testcase classname="website.LinkTest" name="gitHubTest" time="3.376"/>
  <system-out/>
</testsuite> <!-- website.LinkTest -->
